生成启动时间为 2021/10/12 17:22:57。
     1>项目“C:\Users\10303\Desktop\c\a\a.vcxproj”在节点 2 上(build 个目标)。
     1>InitializeBuildStatus:
         正在创建“Debug\a.unsuccessfulbuild”，因为已指定“AlwaysCreate”。
       ClCompile:
         D:\Program Files (x86)\Microsoft Visual Studio 10.0\VC\bin\CL.exe /c /ZI /nologo /W3 /WX- /Od /Oy- /D WIN32 /D _DEBUG /D _CONSOLE /D _UNICODE /D UNICODE /Gm /EHsc /RTC1 /MDd /GS /fp:precise /Zc:wchar_t /Zc:forScope /Fo"Debug\\" /Fd"Debug\vc100.pdb" /Gd /TP /analyze- /errorReport:prompt product.cpp
         product.cpp
     1>c:\users\10303\desktop\c\a\product.cpp(8): warning C4996: 'scanf': This function or variable may be unsafe. Consider using scanf_s instead. To disable deprecation, use _CRT_SECURE_NO_WARNINGS. See online help for details.
                 d:\program files (x86)\microsoft visual studio 10.0\vc\include\stdio.h(304) : 参见“scanf”的声明
     1>c:\users\10303\desktop\c\a\product.cpp(15): warning C4244: “初始化”: 从“double”转换到“int”，可能丢失数据
       ManifestResourceCompile:
         C:\Program Files (x86)\Microsoft SDKs\Windows\v7.0A\bin\rc.exe /nologo /fo"Debug\a.exe.embed.manifest.res" Debug\a_manifest.rc 
       Link:
         D:\Program Files (x86)\Microsoft Visual Studio 10.0\VC\bin\link.exe /ERRORREPORT:PROMPT /OUT:"C:\Users\10303\Desktop\c\a\Debug\a.exe" /INCREMENTAL /NOLOGO kernel32.lib user32.lib gdi32.lib winspool.lib comdlg32.lib advapi32.lib shell32.lib ole32.lib oleaut32.lib uuid.lib odbc32.lib odbccp32.lib /MANIFEST /ManifestFile:"Debug\a.exe.intermediate.manifest" /MANIFESTUAC:"level='asInvoker' uiAccess='false'" /DEBUG /PDB:"C:\Users\10303\Desktop\c\a\Debug\a.pdb" /SUBSYSTEM:CONSOLE /TLBID:1 /DYNAMICBASE /NXCOMPAT /IMPLIB:"C:\Users\10303\Desktop\c\a\Debug\a.lib" /MACHINE:X86 Debug\a.exe.embed.manifest.res
         Debug\product.obj
       Manifest:
         C:\Program Files (x86)\Microsoft SDKs\Windows\v7.0A\bin\mt.exe /nologo /verbose /out:"Debug\a.exe.embed.manifest" /manifest Debug\a.exe.intermediate.manifest
         C:\Program Files (x86)\Microsoft SDKs\Windows\v7.0A\bin\rc.exe /nologo /fo"Debug\a.exe.embed.manifest.res" Debug\a_manifest.rc 
       LinkEmbedManifest:
         D:\Program Files (x86)\Microsoft Visual Studio 10.0\VC\bin\link.exe /ERRORREPORT:PROMPT /OUT:"C:\Users\10303\Desktop\c\a\Debug\a.exe" /INCREMENTAL /NOLOGO kernel32.lib user32.lib gdi32.lib winspool.lib comdlg32.lib advapi32.lib shell32.lib ole32.lib oleaut32.lib uuid.lib odbc32.lib odbccp32.lib /MANIFEST /ManifestFile:"Debug\a.exe.intermediate.manifest" /MANIFESTUAC:"level='asInvoker' uiAccess='false'" /DEBUG /PDB:"C:\Users\10303\Desktop\c\a\Debug\a.pdb" /SUBSYSTEM:CONSOLE /TLBID:1 /DYNAMICBASE /NXCOMPAT /IMPLIB:"C:\Users\10303\Desktop\c\a\Debug\a.lib" /MACHINE:X86 Debug\a.exe.embed.manifest.res
         Debug\product.obj
         a.vcxproj -> C:\Users\10303\Desktop\c\a\Debug\a.exe
       FinalizeBuildStatus:
         正在删除文件“Debug\a.unsuccessfulbuild”。
         正在对“Debug\a.lastbuildstate”执行 Touch 任务。
     1>已完成生成项目“C:\Users\10303\Desktop\c\a\a.vcxproj”(build 个目标)的操作。

生成成功。

已用时间 00:00:03.44
